<?xml version="1.0" encoding="UTF-8"?>
<testng-results skipped="0" failed="0" ignored="0" total="1" passed="1">
  <reporter-output>
  </reporter-output>
  <suite name="Default suite" duration-ms="65270" started-at="2020-09-15T00:57:38 IST" finished-at="2020-09-15T00:58:44 IST">
    <groups>
    </groups>
    <test name="Default test" duration-ms="65270" started-at="2020-09-15T00:57:38 IST" finished-at="2020-09-15T00:58:44 IST">
      <class name="com.actitime.test.CreateCustomer">
        <test-method status="PASS" signature="openBrowser()[pri:0, instance:com.actitime.test.CreateCustomer@7f13d6e]" name="openBrowser" is-config="true" duration-ms="34290" started-at="2020-09-15T00:57:38 IST" finished-at="2020-09-15T00:58:13 IST">
          <reporter-output>
          </reporter-output>
        </test-method> <!-- openBrowser -->
        <test-method status="PASS" signature="login()[pri:0, instance:com.actitime.test.CreateCustomer@7f13d6e]" name="login" is-config="true" duration-ms="589" started-at="2020-09-15T00:58:13 IST" finished-at="2020-09-15T00:58:13 IST">
          <reporter-output>
          </reporter-output>
        </test-method> <!-- login -->
        <test-method status="PASS" signature="testCreateCustomer()[pri:0, instance:com.actitime.test.CreateCustomer@7f13d6e]" name="testCreateCustomer" duration-ms="25461" started-at="2020-09-15T00:58:13 IST" finished-at="2020-09-15T00:58:39 IST">
          <reporter-output>
          </reporter-output>
        </test-method> <!-- testCreateCustomer -->
        <test-method status="PASS" signature="logout()[pri:0, instance:com.actitime.test.CreateCustomer@7f13d6e]" name="logout" is-config="true" duration-ms="4845" started-at="2020-09-15T00:58:39 IST" finished-at="2020-09-15T00:58:43 IST">
          <reporter-output>
          </reporter-output>
        </test-method> <!-- logout -->
        <test-method status="PASS" signature="closeBrowser()[pri:0, instance:com.actitime.test.CreateCustomer@7f13d6e]" name="closeBrowser" is-config="true" duration-ms="1" started-at="2020-09-15T00:58:44 IST" finished-at="2020-09-15T00:58:44 IST">
          <reporter-output>
          </reporter-output>
        </test-method> <!-- closeBrowser -->
      </class> <!-- com.actitime.test.CreateCustomer -->
    </test> <!-- Default test -->
  </suite> <!-- Default suite -->
</testng-results>
